{
  "RSpec": {
    "coverage": {
      "/Users/chrisrussell/makers/chitter/spec/features/creating_peeps_spec.rb": [
        1,
        1,
        1,
        1,
        0,
        null,
        0,
        null,
        null
      ],
      "/Users/chrisrussell/makers/chitter/spec/features/list_peeps_spec.rb": [
        1,
        null,
        1,
        1,
        null,
        null,
        1,
        1,
        1,
        null,
        null,
        1,
        1,
        1,
        null,
        null,
        null
      ],
      "/Users/chrisrussell/makers/chitter/spec/peep_spec.rb": [
        1,
        null,
        1,
        1,
        1,
        1,
        null,
        null,
        1,
        1,
        null,
        1,
        null,
        null,
        null,
        1,
        null,
        null,
        1,
        1,
        1,
        null,
        null,
        null,
        null
      ],
      "/Users/chrisrussell/makers/chitter/spec/user_spec.rb": [
        1,
        1,
        1,
        0,
        null,
        1,
        1,
        null,
        null
      ]
    },
    "timestamp": 1528667667
  }
}
